2021-07-11 23:09:08 error: 500 value too long for type character varying(10) 
 error: value too long for type character varying(10)
    at Parser.parseErrorMessage (/Users/blessingmakaraba/Desktop/projects/Cab-Search-APIs/node_modules/pg-protocol/src/parser.ts:369:69)
    at Parser.handlePacket (/Users/blessingmakaraba/Desktop/projects/Cab-Search-APIs/node_modules/pg-protocol/src/parser.ts:188:21)
    at Parser.parse (/Users/blessingmakaraba/Desktop/projects/Cab-Search-APIs/node_modules/pg-protocol/src/parser.ts:103:30)
    at Socket.<anonymous> (/Users/blessingmakaraba/Desktop/projects/Cab-Search-APIs/node_modules/pg-protocol/src/index.ts:7:48)
    at Socket.emit (events.js:315:20)
    at addChunk (_stream_readable.js:309:12)
    at readableAddChunk (_stream_readable.js:284:9)
    at Socket.Readable.push (_stream_readable.js:223:10)
    at TCP.onStreamRead (internal/stream_base_commons.js:188:23)
2021-07-11 23:09:18 error: 500 value too long for type character varying(10) 
 error: value too long for type character varying(10)
    at Parser.parseErrorMessage (/Users/blessingmakaraba/Desktop/projects/Cab-Search-APIs/node_modules/pg-protocol/src/parser.ts:369:69)
    at Parser.handlePacket (/Users/blessingmakaraba/Desktop/projects/Cab-Search-APIs/node_modules/pg-protocol/src/parser.ts:188:21)
    at Parser.parse (/Users/blessingmakaraba/Desktop/projects/Cab-Search-APIs/node_modules/pg-protocol/src/parser.ts:103:30)
    at Socket.<anonymous> (/Users/blessingmakaraba/Desktop/projects/Cab-Search-APIs/node_modules/pg-protocol/src/index.ts:7:48)
    at Socket.emit (events.js:315:20)
    at addChunk (_stream_readable.js:309:12)
    at readableAddChunk (_stream_readable.js:284:9)
    at Socket.Readable.push (_stream_readable.js:223:10)
    at TCP.onStreamRead (internal/stream_base_commons.js:188:23)
2021-07-11 23:09:57 error: 500 value too long for type character varying(10) 
 error: value too long for type character varying(10)
    at Parser.parseErrorMessage (/Users/blessingmakaraba/Desktop/projects/Cab-Search-APIs/node_modules/pg-protocol/src/parser.ts:369:69)
    at Parser.handlePacket (/Users/blessingmakaraba/Desktop/projects/Cab-Search-APIs/node_modules/pg-protocol/src/parser.ts:188:21)
    at Parser.parse (/Users/blessingmakaraba/Desktop/projects/Cab-Search-APIs/node_modules/pg-protocol/src/parser.ts:103:30)
    at Socket.<anonymous> (/Users/blessingmakaraba/Desktop/projects/Cab-Search-APIs/node_modules/pg-protocol/src/index.ts:7:48)
    at Socket.emit (events.js:315:20)
    at addChunk (_stream_readable.js:309:12)
    at readableAddChunk (_stream_readable.js:284:9)
    at Socket.Readable.push (_stream_readable.js:223:10)
    at TCP.onStreamRead (internal/stream_base_commons.js:188:23)
2021-07-11 23:10:06 error: 500 value too long for type character varying(10) 
 error: value too long for type character varying(10)
    at Parser.parseErrorMessage (/Users/blessingmakaraba/Desktop/projects/Cab-Search-APIs/node_modules/pg-protocol/src/parser.ts:369:69)
    at Parser.handlePacket (/Users/blessingmakaraba/Desktop/projects/Cab-Search-APIs/node_modules/pg-protocol/src/parser.ts:188:21)
    at Parser.parse (/Users/blessingmakaraba/Desktop/projects/Cab-Search-APIs/node_modules/pg-protocol/src/parser.ts:103:30)
    at Socket.<anonymous> (/Users/blessingmakaraba/Desktop/projects/Cab-Search-APIs/node_modules/pg-protocol/src/index.ts:7:48)
    at Socket.emit (events.js:315:20)
    at addChunk (_stream_readable.js:309:12)
    at readableAddChunk (_stream_readable.js:284:9)
    at Socket.Readable.push (_stream_readable.js:223:10)
    at TCP.onStreamRead (internal/stream_base_commons.js:188:23)
2021-07-11 23:10:34 error: 500 value too long for type character varying(10) 
 error: value too long for type character varying(10)
    at Parser.parseErrorMessage (/Users/blessingmakaraba/Desktop/projects/Cab-Search-APIs/node_modules/pg-protocol/src/parser.ts:369:69)
    at Parser.handlePacket (/Users/blessingmakaraba/Desktop/projects/Cab-Search-APIs/node_modules/pg-protocol/src/parser.ts:188:21)
    at Parser.parse (/Users/blessingmakaraba/Desktop/projects/Cab-Search-APIs/node_modules/pg-protocol/src/parser.ts:103:30)
    at Socket.<anonymous> (/Users/blessingmakaraba/Desktop/projects/Cab-Search-APIs/node_modules/pg-protocol/src/index.ts:7:48)
    at Socket.emit (events.js:315:20)
    at addChunk (_stream_readable.js:309:12)
    at readableAddChunk (_stream_readable.js:284:9)
    at Socket.Readable.push (_stream_readable.js:223:10)
    at TCP.onStreamRead (internal/stream_base_commons.js:188:23)
2021-07-11 23:10:46 error: 500 value too long for type character varying(10) 
 error: value too long for type character varying(10)
    at Parser.parseErrorMessage (/Users/blessingmakaraba/Desktop/projects/Cab-Search-APIs/node_modules/pg-protocol/src/parser.ts:369:69)
    at Parser.handlePacket (/Users/blessingmakaraba/Desktop/projects/Cab-Search-APIs/node_modules/pg-protocol/src/parser.ts:188:21)
    at Parser.parse (/Users/blessingmakaraba/Desktop/projects/Cab-Search-APIs/node_modules/pg-protocol/src/parser.ts:103:30)
    at Socket.<anonymous> (/Users/blessingmakaraba/Desktop/projects/Cab-Search-APIs/node_modules/pg-protocol/src/index.ts:7:48)
    at Socket.emit (events.js:315:20)
    at addChunk (_stream_readable.js:309:12)
    at readableAddChunk (_stream_readable.js:284:9)
    at Socket.Readable.push (_stream_readable.js:223:10)
    at TCP.onStreamRead (internal/stream_base_commons.js:188:23)
2021-07-11 23:11:03 error: 500 value too long for type character varying(10) 
 error: value too long for type character varying(10)
    at Parser.parseErrorMessage (/Users/blessingmakaraba/Desktop/projects/Cab-Search-APIs/node_modules/pg-protocol/src/parser.ts:369:69)
    at Parser.handlePacket (/Users/blessingmakaraba/Desktop/projects/Cab-Search-APIs/node_modules/pg-protocol/src/parser.ts:188:21)
    at Parser.parse (/Users/blessingmakaraba/Desktop/projects/Cab-Search-APIs/node_modules/pg-protocol/src/parser.ts:103:30)
    at Socket.<anonymous> (/Users/blessingmakaraba/Desktop/projects/Cab-Search-APIs/node_modules/pg-protocol/src/index.ts:7:48)
    at Socket.emit (events.js:315:20)
    at addChunk (_stream_readable.js:309:12)
    at readableAddChunk (_stream_readable.js:284:9)
    at Socket.Readable.push (_stream_readable.js:223:10)
    at TCP.onStreamRead (internal/stream_base_commons.js:188:23)
2021-07-11 23:11:08 error: 500 value too long for type character varying(10) 
 error: value too long for type character varying(10)
    at Parser.parseErrorMessage (/Users/blessingmakaraba/Desktop/projects/Cab-Search-APIs/node_modules/pg-protocol/src/parser.ts:369:69)
    at Parser.handlePacket (/Users/blessingmakaraba/Desktop/projects/Cab-Search-APIs/node_modules/pg-protocol/src/parser.ts:188:21)
    at Parser.parse (/Users/blessingmakaraba/Desktop/projects/Cab-Search-APIs/node_modules/pg-protocol/src/parser.ts:103:30)
    at Socket.<anonymous> (/Users/blessingmakaraba/Desktop/projects/Cab-Search-APIs/node_modules/pg-protocol/src/index.ts:7:48)
    at Socket.emit (events.js:315:20)
    at addChunk (_stream_readable.js:309:12)
    at readableAddChunk (_stream_readable.js:284:9)
    at Socket.Readable.push (_stream_readable.js:223:10)
    at TCP.onStreamRead (internal/stream_base_commons.js:188:23)
2021-07-11 23:11:40 error: 500 value too long for type character varying(10) 
 error: value too long for type character varying(10)
    at Parser.parseErrorMessage (/Users/blessingmakaraba/Desktop/projects/Cab-Search-APIs/node_modules/pg-protocol/src/parser.ts:369:69)
    at Parser.handlePacket (/Users/blessingmakaraba/Desktop/projects/Cab-Search-APIs/node_modules/pg-protocol/src/parser.ts:188:21)
    at Parser.parse (/Users/blessingmakaraba/Desktop/projects/Cab-Search-APIs/node_modules/pg-protocol/src/parser.ts:103:30)
    at Socket.<anonymous> (/Users/blessingmakaraba/Desktop/projects/Cab-Search-APIs/node_modules/pg-protocol/src/index.ts:7:48)
    at Socket.emit (events.js:315:20)
    at addChunk (_stream_readable.js:309:12)
    at readableAddChunk (_stream_readable.js:284:9)
    at Socket.Readable.push (_stream_readable.js:223:10)
    at TCP.onStreamRead (internal/stream_base_commons.js:188:23)
2021-07-11 23:11:51 error: 500 value too long for type character varying(10) 
 error: value too long for type character varying(10)
    at Parser.parseErrorMessage (/Users/blessingmakaraba/Desktop/projects/Cab-Search-APIs/node_modules/pg-protocol/src/parser.ts:369:69)
    at Parser.handlePacket (/Users/blessingmakaraba/Desktop/projects/Cab-Search-APIs/node_modules/pg-protocol/src/parser.ts:188:21)
    at Parser.parse (/Users/blessingmakaraba/Desktop/projects/Cab-Search-APIs/node_modules/pg-protocol/src/parser.ts:103:30)
    at Socket.<anonymous> (/Users/blessingmakaraba/Desktop/projects/Cab-Search-APIs/node_modules/pg-protocol/src/index.ts:7:48)
    at Socket.emit (events.js:315:20)
    at addChunk (_stream_readable.js:309:12)
    at readableAddChunk (_stream_readable.js:284:9)
    at Socket.Readable.push (_stream_readable.js:223:10)
    at TCP.onStreamRead (internal/stream_base_commons.js:188:23)
2021-07-11 23:12:04 error: 500 value too long for type character varying(10) 
 error: value too long for type character varying(10)
    at Parser.parseErrorMessage (/Users/blessingmakaraba/Desktop/projects/Cab-Search-APIs/node_modules/pg-protocol/src/parser.ts:369:69)
    at Parser.handlePacket (/Users/blessingmakaraba/Desktop/projects/Cab-Search-APIs/node_modules/pg-protocol/src/parser.ts:188:21)
    at Parser.parse (/Users/blessingmakaraba/Desktop/projects/Cab-Search-APIs/node_modules/pg-protocol/src/parser.ts:103:30)
    at Socket.<anonymous> (/Users/blessingmakaraba/Desktop/projects/Cab-Search-APIs/node_modules/pg-protocol/src/index.ts:7:48)
    at Socket.emit (events.js:315:20)
    at addChunk (_stream_readable.js:309:12)
    at readableAddChunk (_stream_readable.js:284:9)
    at Socket.Readable.push (_stream_readable.js:223:10)
    at TCP.onStreamRead (internal/stream_base_commons.js:188:23)
2021-07-11 23:12:32 error: 500 value too long for type character varying(10) 
 error: value too long for type character varying(10)
    at Parser.parseErrorMessage (/Users/blessingmakaraba/Desktop/projects/Cab-Search-APIs/node_modules/pg-protocol/src/parser.ts:369:69)
    at Parser.handlePacket (/Users/blessingmakaraba/Desktop/projects/Cab-Search-APIs/node_modules/pg-protocol/src/parser.ts:188:21)
    at Parser.parse (/Users/blessingmakaraba/Desktop/projects/Cab-Search-APIs/node_modules/pg-protocol/src/parser.ts:103:30)
    at Socket.<anonymous> (/Users/blessingmakaraba/Desktop/projects/Cab-Search-APIs/node_modules/pg-protocol/src/index.ts:7:48)
    at Socket.emit (events.js:315:20)
    at addChunk (_stream_readable.js:309:12)
    at readableAddChunk (_stream_readable.js:284:9)
    at Socket.Readable.push (_stream_readable.js:223:10)
    at TCP.onStreamRead (internal/stream_base_commons.js:188:23)
2021-07-11 23:12:39 error: 500 value too long for type character varying(10) 
 error: value too long for type character varying(10)
    at Parser.parseErrorMessage (/Users/blessingmakaraba/Desktop/projects/Cab-Search-APIs/node_modules/pg-protocol/src/parser.ts:369:69)
    at Parser.handlePacket (/Users/blessingmakaraba/Desktop/projects/Cab-Search-APIs/node_modules/pg-protocol/src/parser.ts:188:21)
    at Parser.parse (/Users/blessingmakaraba/Desktop/projects/Cab-Search-APIs/node_modules/pg-protocol/src/parser.ts:103:30)
    at Socket.<anonymous> (/Users/blessingmakaraba/Desktop/projects/Cab-Search-APIs/node_modules/pg-protocol/src/index.ts:7:48)
    at Socket.emit (events.js:315:20)
    at addChunk (_stream_readable.js:309:12)
    at readableAddChunk (_stream_readable.js:284:9)
    at Socket.Readable.push (_stream_readable.js:223:10)
    at TCP.onStreamRead (internal/stream_base_commons.js:188:23)
2021-07-11 23:12:45 error: 500 value too long for type character varying(10) 
 error: value too long for type character varying(10)
    at Parser.parseErrorMessage (/Users/blessingmakaraba/Desktop/projects/Cab-Search-APIs/node_modules/pg-protocol/src/parser.ts:369:69)
    at Parser.handlePacket (/Users/blessingmakaraba/Desktop/projects/Cab-Search-APIs/node_modules/pg-protocol/src/parser.ts:188:21)
    at Parser.parse (/Users/blessingmakaraba/Desktop/projects/Cab-Search-APIs/node_modules/pg-protocol/src/parser.ts:103:30)
    at Socket.<anonymous> (/Users/blessingmakaraba/Desktop/projects/Cab-Search-APIs/node_modules/pg-protocol/src/index.ts:7:48)
    at Socket.emit (events.js:315:20)
    at addChunk (_stream_readable.js:309:12)
    at readableAddChunk (_stream_readable.js:284:9)
    at Socket.Readable.push (_stream_readable.js:223:10)
    at TCP.onStreamRead (internal/stream_base_commons.js:188:23)
2021-07-11 23:16:24 error: 500 value too long for type character varying(10) 
 error: value too long for type character varying(10)
    at Parser.parseErrorMessage (/Users/blessingmakaraba/Desktop/projects/Cab-Search-APIs/node_modules/pg-protocol/dist/parser.js:287:98)
    at Parser.handlePacket (/Users/blessingmakaraba/Desktop/projects/Cab-Search-APIs/node_modules/pg-protocol/dist/parser.js:126:29)
    at Parser.parse (/Users/blessingmakaraba/Desktop/projects/Cab-Search-APIs/node_modules/pg-protocol/dist/parser.js:39:38)
    at Socket.<anonymous> (/Users/blessingmakaraba/Desktop/projects/Cab-Search-APIs/node_modules/pg-protocol/dist/index.js:11:42)
    at Socket.emit (events.js:315:20)
    at addChunk (_stream_readable.js:309:12)
    at readableAddChunk (_stream_readable.js:284:9)
    at Socket.Readable.push (_stream_readable.js:223:10)
    at TCP.onStreamRead (internal/stream_base_commons.js:188:23)
2021-07-11 23:17:18 error: 500 value too long for type character varying(10) 
 error: value too long for type character varying(10)
    at Parser.parseErrorMessage (/Users/blessingmakaraba/Desktop/projects/Cab-Search-APIs/node_modules/pg-protocol/dist/parser.js:287:98)
    at Parser.handlePacket (/Users/blessingmakaraba/Desktop/projects/Cab-Search-APIs/node_modules/pg-protocol/dist/parser.js:126:29)
    at Parser.parse (/Users/blessingmakaraba/Desktop/projects/Cab-Search-APIs/node_modules/pg-protocol/dist/parser.js:39:38)
    at Socket.<anonymous> (/Users/blessingmakaraba/Desktop/projects/Cab-Search-APIs/node_modules/pg-protocol/dist/index.js:11:42)
    at Socket.emit (events.js:315:20)
    at addChunk (_stream_readable.js:309:12)
    at readableAddChunk (_stream_readable.js:284:9)
    at Socket.Readable.push (_stream_readable.js:223:10)
    at TCP.onStreamRead (internal/stream_base_commons.js:188:23)
